
!ENTRY org.eclipse.ui.ide 4 4 2023-07-24 19:46:52.059
!MESSAGE Problems saving workspace

!ENTRY org.eclipse.ui.ide 4 1 2023-07-24 19:46:52.060
!MESSAGE Problems occurred while trying to save the state of the workbench.
!SUBENTRY 1 org.eclipse.core.resources 4 568 2023-07-24 19:46:52.060
!MESSAGE Could not write workspace metadata 'C:/Users/SIGMA/Desktop/Embedded Systems/Projects/Fnal_Project/.metadata/.plugins/org.eclipse.core.resources/.root/5.tree'.
!STACK 0
java.io.FileNotFoundException: C:\Users\SIGMA\Desktop\Embedded Systems\Projects\Fnal_Project\.metadata\.plugins\org.eclipse.core.resources\.root\5.tree (The system cannot find the path specified)
	at java.base/java.io.FileOutputStream.open0(Native Method)
	at java.base/java.io.FileOutputStream.open(FileOutputStream.java:295)
	at java.base/java.io.FileOutputStream.<init>(FileOutputStream.java:236)
	at java.base/java.io.FileOutputStream.<init>(FileOutputStream.java:185)
	at org.eclipse.core.internal.localstore.SafeFileOutputStream.<init>(SafeFileOutputStream.java:55)
	at org.eclipse.core.internal.resources.SaveManager.saveTree(SaveManager.java:1393)
	at org.eclipse.core.internal.resources.SaveManager.save(SaveManager.java:1175)
	at org.eclipse.core.internal.resources.Workspace.save(Workspace.java:2421)
	at org.eclipse.ui.internal.ide.application.IDEWorkbenchAdvisor.lambda$1(IDEWorkbenchAdvisor.java:554)
	at org.eclipse.jface.operation.ModalContext$ModalContextThread.run(ModalContext.java:122)

!ENTRY org.eclipse.core.resources 2 10035 2023-07-24 19:46:52.189
!MESSAGE The workspace will exit with unsaved changes in this session.
!SESSION 2023-07-24 19:46:54.838 -----------------------------------------------
eclipse.buildId=4.26.0.20221201-1200
java.version=20.0.1
java.vendor=Oracle Corporation
BootLoader constants: OS=win32, ARCH=x86_64, WS=win32, NL=en_US
Framework arguments:  -product org.eclipse.epp.package.embedcpp.product
Command-line arguments:  -os win32 -ws win32 -arch x86_64 -product org.eclipse.epp.package.embedcpp.product

!ENTRY org.eclipse.core.resources 2 10035 2023-07-24 19:46:58.828
!MESSAGE The workspace exited with unsaved changes in the previous session; refreshing workspace to recover changes.

!ENTRY org.eclipse.egit.ui 2 0 2023-07-24 19:47:02.035
!MESSAGE Warning: The environment variable HOME is not set. The following directory will be used to store the Git
user global configuration and to define the default location to store repositories: 'C:\Users\SIGMA'. If this is
not correct please set the HOME environment variable and restart Eclipse. Otherwise Git for Windows and
EGit might behave differently since they see different configuration options.
This warning can be switched off on the Team > Git > Confirmations and Warnings preference page.
!SESSION 2023-07-24 19:51:17.130 -----------------------------------------------
eclipse.buildId=4.26.0.20221201-1200
java.version=20.0.1
java.vendor=Oracle Corporation
BootLoader constants: OS=win32, ARCH=x86_64, WS=win32, NL=en_US
Framework arguments:  -product org.eclipse.epp.package.embedcpp.product
Command-line arguments:  -os win32 -ws win32 -arch x86_64 -product org.eclipse.epp.package.embedcpp.product

!ENTRY org.eclipse.egit.ui 2 0 2023-07-24 19:51:24.620
!MESSAGE Warning: The environment variable HOME is not set. The following directory will be used to store the Git
user global configuration and to define the default location to store repositories: 'C:\Users\SIGMA'. If this is
not correct please set the HOME environment variable and restart Eclipse. Otherwise Git for Windows and
EGit might behave differently since they see different configuration options.
This warning can be switched off on the Team > Git > Confirmations and Warnings preference page.

!ENTRY org.eclipse.core.jobs 4 2 2023-07-24 19:51:33.074
!MESSAGE An internal error occurred during: "https://www.eclipse.org/setups/setups.zip".
!STACK 0
java.lang.NullPointerException: Cannot invoke "org.osgi.framework.BundleContext.createFilter(String)" because "context" is null
	at org.osgi.util.tracker.ServiceTracker.<init>(ServiceTracker.java:187)
	at org.osgi.util.tracker.ServiceTracker.<init>(ServiceTracker.java:250)
	at org.eclipse.ecf.internal.provider.filetransfer.httpclient5.Activator.getLogService(Activator.java:202)
	at org.eclipse.ecf.internal.provider.filetransfer.httpclient5.Activator.log(Activator.java:213)
	at org.eclipse.ecf.provider.filetransfer.httpclient5.HttpClientRetrieveFileTransfer.hardClose(HttpClientRetrieveFileTransfer.java:200)
	at org.eclipse.ecf.provider.filetransfer.retrieve.AbstractRetrieveFileTransfer$1.performFileTransfer(AbstractRetrieveFileTransfer.java:199)
	at org.eclipse.ecf.filetransfer.FileTransferJob.run(FileTransferJob.java:76)
	at org.eclipse.core.internal.jobs.Worker.run(Worker.java:63)

!ENTRY org.eclipse.core.jobs 2 2 2023-07-24 19:51:33.400
!MESSAGE Job found still running after platform shutdown.  Jobs should be canceled by the plugin that scheduled them during shutdown: org.eclipse.oomph.internal.ui.EarlyStart$1
