15:21:25 **** Incremental Build of configuration Debug for project MCU2 ****
make all 
Building file: ../MCU_2.c
Invoking: AVR Compiler
avr-gcc -Wall -g2 -gstabs -O0 -fpack-struct -fshort-enums -ffunction-sections -fdata-sections -std=gnu99 -funsigned-char -funsigned-bitfields -mmcu=atmega32 -DF_CPU=8000000UL -MMD -MP -MF"MCU_2.d" -MT"MCU_2.o" -c -o "MCU_2.o" "../MCU_2.c"
In file included from ../MCU_2.c:14:
c:/winavr-20100110/lib/gcc/../../avr/include/util/delay.h:90:3: warning: #warning "Compiler optimizations disabled; functions from <util/delay.h> won't work as designed"
Finished building: ../MCU_2.c
 
Building target: MCU2.elf
Invoking: AVR C Linker
avr-gcc -Wl,-Map,MCU2.map -mmcu=atmega32 -o "MCU2.elf"  ./MCU_2.o ./buzzer.o ./dc_motor.o ./external_eeprom.o ./gpio.o ./lcd.o ./pwm.o ./timer1.o ./twi.o ./uart.o   
Finished building target: MCU2.elf
 
Invoking: AVR Create Extended Listing
avr-objdump -h -S MCU2.elf  >"MCU2.lss"
Finished building: MCU2.lss
 
Invoking: Print Size
avr-size --format=avr --mcu=atmega32 MCU2.elf
AVR Memory Usage
----------------
Device: atmega32

Program:   13328 bytes (40.7% Full)
(.text + .data + .bootloader)

Data:         17 bytes (0.8% Full)
(.data + .bss + .noinit)


Finished building: sizedummy
 

15:21:26 Build Finished. 0 errors, 1 warnings. (took 337ms)

